[01:45:59] [INIT] KubeJS 2001.6.5-build.16; MC 2001 forge
[01:45:59] [INIT] Loaded plugins:
[01:45:59] [INIT] - dev.latvian.mods.kubejs.forge.BuiltinKubeJSForgePlugin
[01:45:59] [INFO] Loaded script server_scripts:itemRecipeBlacklist.js in 0.005 s
[01:45:59] [INFO] Loaded script server_scripts:matt's_stims_server.js in 0.002 s
[01:45:59] [INFO] Loaded script server_scripts:cursedwalkingrecipechanges.js in 0.001 s
[01:45:59] [INFO] Loaded 3/3 KubeJS server scripts in 0.022 s with 0 errors and 0 warnings
[01:45:59] [INFO] Scripts loaded
[01:45:59] [INFO] Initializing recipe event...
[01:46:04] [INFO] Processing recipes...
[01:46:04] [WARN] Failed to parse recipe 'the_deep_void:bismuth_netherite_sword_recipe[minecraft:smithing_transform]'! Falling back to vanilla: Ingredient 'template' can't be empty!
[01:46:04] [WARN] Failed to parse recipe 'the_deep_void:bismuth_netherite_helmet[minecraft:smithing_transform]'! Falling back to vanilla: Ingredient 'template' can't be empty!
[01:46:05] [WARN] Failed to parse recipe 'the_deep_void:lavendite_golden_sword[minecraft:smithing_transform]'! Falling back to vanilla: Ingredient 'template' can't be empty!
[01:46:05] [WARN] Failed to parse recipe 'the_deep_void:rotten_netherite_sword[minecraft:smithing_transform]'! Falling back to vanilla: Ingredient 'template' can't be empty!
[01:46:05] [WARN] Failed to parse recipe 'the_deep_void:lavendite_wooden_sword[minecraft:smithing_transform]'! Falling back to vanilla: Ingredient 'template' can't be empty!
[01:46:05] [WARN] Failed to parse recipe 'the_deep_void:bismuth_netherite_shovel_recipe[minecraft:smithing_transform]'! Falling back to vanilla: Ingredient 'template' can't be empty!
[01:46:05] [WARN] Failed to parse recipe 'the_deep_void:rotten_iron_sword[minecraft:smithing_transform]'! Falling back to vanilla: Ingredient 'template' can't be empty!
[01:46:05] [WARN] Failed to parse recipe 'the_deep_void:lavendite_stone_sword[minecraft:smithing_transform]'! Falling back to vanilla: Ingredient 'template' can't be empty!
[01:46:05] [WARN] Failed to parse recipe 'the_deep_void:lavendite_diamond_sword[minecraft:smithing_transform]'! Falling back to vanilla: Ingredient 'template' can't be empty!
[01:46:05] [WARN] Failed to parse recipe 'the_deep_void:rotten_tongue_hook[minecraft:smithing_transform]'! Falling back to vanilla: Ingredient 'template' can't be empty!
[01:46:05] [WARN] Failed to parse recipe 'the_deep_void:lavendite_iron_sword[minecraft:smithing_transform]'! Falling back to vanilla: Ingredient 'template' can't be empty!
[01:46:05] [WARN] Failed to parse recipe 'the_deep_void:void_vision_spyglass[minecraft:smithing_transform]'! Falling back to vanilla: Ingredient 'template' can't be empty!
[01:46:05] [WARN] Failed to parse recipe 'the_deep_void:lavendite_devourer_hook_recipe[minecraft:smithing_transform]'! Falling back to vanilla: Ingredient 'template' can't be empty!
[01:46:05] [WARN] Failed to parse recipe 'the_deep_void:lavendite_onyx_sword[minecraft:smithing_transform]'! Falling back to vanilla: Ingredient 'template' can't be empty!
[01:46:05] [WARN] Failed to parse recipe 'the_deep_void:lavendite_netherite_sword[minecraft:smithing_transform]'! Falling back to vanilla: Ingredient 'template' can't be empty!
[01:46:05] [WARN] Failed to parse recipe 'the_deep_void:bismuth_netherite_pickaxe_recipe[minecraft:smithing_transform]'! Falling back to vanilla: Ingredient 'template' can't be empty!
[01:46:05] [WARN] Failed to parse recipe 'the_deep_void:bismuth_netherite_leggings[minecraft:smithing_transform]'! Falling back to vanilla: Ingredient 'template' can't be empty!
[01:46:05] [WARN] Failed to parse recipe 'the_deep_void:lavendite_shield[minecraft:smithing_transform]'! Falling back to vanilla: Ingredient 'template' can't be empty!
[01:46:05] [WARN] Failed to parse recipe 'the_deep_void:rotten_wooden_sword[minecraft:smithing_transform]'! Falling back to vanilla: Ingredient 'template' can't be empty!
[01:46:05] [WARN] Failed to parse recipe 'the_deep_void:bismuth_netherite_boots[minecraft:smithing_transform]'! Falling back to vanilla: Ingredient 'template' can't be empty!
[01:46:05] [WARN] Failed to parse recipe 'the_deep_void:bismuth_netherite_axe_recipe[minecraft:smithing_transform]'! Falling back to vanilla: Ingredient 'template' can't be empty!
[01:46:05] [WARN] Failed to parse recipe 'butcher:neoforgeguiderecipe[minecraft:crafting_shapeless]'! Falling back to vanilla: ItemStack 'result' can't be empty!
[01:46:05] [WARN] Failed to parse recipe 'the_deep_void:bismuth_netherite_hoe_recipe[minecraft:smithing_transform]'! Falling back to vanilla: Ingredient 'template' can't be empty!
[01:46:05] [WARN] Failed to parse recipe 'the_deep_void:lavendite_bone_sword[minecraft:smithing_transform]'! Falling back to vanilla: Ingredient 'template' can't be empty!
[01:46:05] [WARN] Failed to parse recipe 'the_deep_void:rotten_diamond_sword[minecraft:smithing_transform]'! Falling back to vanilla: Ingredient 'template' can't be empty!
[01:46:05] [WARN] Failed to parse recipe 'the_deep_void:rotten_golden_sword[minecraft:smithing_transform]'! Falling back to vanilla: Ingredient 'template' can't be empty!
[01:46:05] [WARN] Failed to parse recipe 'the_deep_void:bismuth_netherite_chestplate[minecraft:smithing_transform]'! Falling back to vanilla: Ingredient 'template' can't be empty!
[01:46:05] [WARN] Failed to parse recipe 'the_deep_void:rotten_stone_sword[minecraft:smithing_transform]'! Falling back to vanilla: Ingredient 'template' can't be empty!
[01:46:05] [INFO] Found 11350 recipes in 219.2 ms
[01:46:05] [INFO] itemRecipeBlacklist.js#60: immersive_weathering:iron_ingot_from_clean_block
[01:46:05] [INFO] itemRecipeBlacklist.js#60: immersive_weathering:iron_ingot_from_clean_block_blasting
[01:46:05] [INFO] itemRecipeBlacklist.js#60: immersive_weathering:iron_ingot_from_exposed_block
[01:46:05] [INFO] itemRecipeBlacklist.js#60: immersive_weathering:iron_ingot_from_exposed_block_blasting
[01:46:05] [INFO] itemRecipeBlacklist.js#60: immersive_weathering:iron_ingot_from_rusted_block
[01:46:05] [INFO] itemRecipeBlacklist.js#60: immersive_weathering:iron_ingot_from_rusted_block_blasting
[01:46:05] [INFO] itemRecipeBlacklist.js#60: immersive_weathering:iron_ingot_from_weathered_block
[01:46:05] [INFO] itemRecipeBlacklist.js#60: immersive_weathering:iron_ingot_from_weathered_block_blasting
[01:46:05] [INFO] itemRecipeBlacklist.js#60: the_deep_void:refined_bismuth
[01:46:05] [INFO] cursedwalkingrecipechanges.js#2: CW Recipe Tweaks has fired.
[01:46:05] [INFO] Posted recipe events in 349.2 ms
[01:46:05] [WARN] Error parsing recipe psg:modprova[minecraft:crafting_shapeless]: {"type":"minecraft:crafting_shapeless","ingredients":[{"item":"psg:sulphur_sack"},{"item":"psg:saltpetre_sack"},{"item":"charm:sugar_block"},{"item":"minecraft:coal_block"}],"result":{"item":"quark:gunpowder_sack","count":4}}: Unknown item 'charm:sugar_block'
[01:46:05] [INFO] Added 8 recipes, removed 31 recipes, modified 4 recipes, with 1 failed recipes in 119.7 ms
[01:46:29] [INFO] Server resource reload complete!
