[07:14:25.549][INFO][CraftTweaker-EarlyInit]: CraftTweaker is running on a Minecraft 1.20.1 production server modded with platform Forge
[07:14:25.586][INFO][CraftTweaker-EarlyInit]: Successfully injected RecipeFS file system
[07:14:25.676][INFO][CraftTweaker-Plugins]: Successfully identified and loaded plugin crafttweaker:builtin
[07:14:25.676][INFO][CraftTweaker-Plugins]: Successfully identified and loaded plugin crafttweaker:builtin_forge
[07:14:25.685][INFO][CraftTweaker-Plugins]: Successfully identified and loaded plugin createtweaker:main
[07:14:25.696][INFO][CraftTweaker-Plugins]: Successfully identified and loaded plugin farmersdelight:crafttweaker_plugin
[07:14:25.697][INFO][CraftTweaker-Plugins]: Successfully identified and loaded plugin refurbished_furniture:plugin
[07:14:27.477][INFO][CraftTweaker]: The following mods have explicit CraftTweaker support through the default plugin:
[07:14:27.478][INFO][CraftTweaker]: - 'crafttweaker' at version '14.0.48'
[07:14:27.478][INFO][CraftTweaker]: - 'createtweaker' at version '4.0.13'
[07:14:27.478][INFO][CraftTweaker]: - 'farmersdelight' at version '1.20.1-1.2.6'
[07:14:27.478][INFO][CraftTweaker]: - 'refurbished_furniture' at version '1.0.8'
[07:14:55.090][INFO][CraftTweaker-ZenCode]: Started loading scripts for loader 'initialize'
[07:14:56.202][INFO][CraftTweaker-ZenCode]: Compiling and executing scripts
[07:14:56.314][INFO][CraftTweaker-ZenCode]: Successfully initialized modules [crafttweaker, expansions]
[07:14:56.423][INFO][CraftTweaker-ZenCode]: Execution for loader 'initialize' completed successfully
[07:15:30.452][INFO][CraftTweaker-ZenCode]: Started loading scripts for loader 'tags'
[07:15:30.495][INFO][CraftTweaker-ZenCode]: Compiling and executing scripts
[07:15:30.523][INFO][CraftTweaker-ZenCode]: Successfully initialized modules [crafttweaker, expansions]
[07:15:30.549][INFO][CraftTweaker-ZenCode]: Execution for loader 'tags' completed successfully
[07:15:31.993][INFO][CraftTweaker]: crafttweaker.reload.start
[07:15:32.000][INFO][CraftTweaker-ZenCode]: Started loading scripts for loader 'crafttweaker'
[07:15:32.063][INFO][CraftTweaker-ZenCode]: Compiling and executing scripts
[07:15:32.571][INFO][CraftTweaker-ZenCode]: Successfully initialized modules [mods, crafttweaker, expansions]
[07:15:32.588][INFO][CraftTweaker-ZenCode]: Execution for loader 'crafttweaker' completed successfully
[07:15:32.590][INFO][CraftTweaker]: crafttweaker.reload.complete
